[debug] [2022-09-25T14:56:01.098Z] ----------------------------------------------------------------------
[debug] [2022-09-25T14:56:01.100Z] Command:       /usr/local/bin/firebase /Users/brettcurrier/.cache/firebase/tools/lib/node_modules/firebase-tools/lib/bin/firebase init
[debug] [2022-09-25T14:56:01.101Z] CLI Version:   11.10.0
[debug] [2022-09-25T14:56:01.101Z] Platform:      darwin
[debug] [2022-09-25T14:56:01.101Z] Node Version:  v16.16.0
[debug] [2022-09-25T14:56:01.106Z] Time:          Sun Sep 25 2022 10:56:01 GMT-0400 (Eastern Daylight Time)
[debug] [2022-09-25T14:56:01.107Z] ----------------------------------------------------------------------
[debug] 
[debug] [2022-09-25T14:56:01.113Z] >>> [apiv2][query] GET https://firebase-public.firebaseio.com/cli.json [none]
[debug] [2022-09-25T14:56:01.133Z] > command requires scopes: ["email","openid","https://www.googleapis.com/auth/cloudplatformprojects.readonly","https://www.googleapis.com/auth/firebase","https://www.googleapis.com/auth/cloud-platform"]
[debug] [2022-09-25T14:56:01.134Z] > authorizing via signed-in user (dorktatorbrett@gmail.com)
[info] 
     ######## #### ########  ######## ########     ###     ######  ########
     ##        ##  ##     ## ##       ##     ##  ##   ##  ##       ##
     ######    ##  ########  ######   ########  #########  ######  ######
     ##        ##  ##    ##  ##       ##     ## ##     ##       ## ##
     ##       #### ##     ## ######## ########  ##     ##  ######  ########

You're about to initialize a Firebase project in this directory:

  /Users/brettcurrier/Desktop/lotr/client

[debug] [2022-09-25T14:56:01.295Z] <<< [apiv2][status] GET https://firebase-public.firebaseio.com/cli.json 200
[debug] [2022-09-25T14:56:01.298Z] <<< [apiv2][body] GET https://firebase-public.firebaseio.com/cli.json {"cloudBuildErrorAfter":1594252800000,"cloudBuildWarnAfter":1590019200000,"defaultNode10After":1594252800000,"minVersion":"3.0.5","node8DeploysDisabledAfter":1613390400000,"node8RuntimeDisabledAfter":1615809600000,"node8WarnAfter":1600128000000}
[info] 
=== Project Setup
[info] 
[info] First, let's associate this project directory with a Firebase project.
[info] You can create multiple project aliases by running firebase use --add, 
[info] but for now we'll just set up a default project.
[info] 
[debug] [2022-09-25T14:56:41.893Z] > refreshing access token with scopes: []
[debug] [2022-09-25T14:56:41.896Z] >>> [apiv2][query] POST https://www.googleapis.com/oauth2/v3/token [none]
[debug] [2022-09-25T14:56:41.896Z] >>> [apiv2][body] POST https://www.googleapis.com/oauth2/v3/token [omitted]
[debug] [2022-09-25T14:56:42.175Z] <<< [apiv2][status] POST https://www.googleapis.com/oauth2/v3/token 200
[debug] [2022-09-25T14:56:42.175Z] <<< [apiv2][body] POST https://www.googleapis.com/oauth2/v3/token [omitted]
[debug] [2022-09-25T14:56:42.231Z] >>> [apiv2][query] GET https://firebase.googleapis.com/v1beta1/projects pageSize=100
[debug] [2022-09-25T14:56:42.564Z] <<< [apiv2][status] GET https://firebase.googleapis.com/v1beta1/projects 200
[debug] [2022-09-25T14:56:42.564Z] <<< [apiv2][body] GET https://firebase.googleapis.com/v1beta1/projects [omitted]
[info] i  Using project lotr-b3b93 (LOTR) 
[info] 
=== Hosting Setup
[info] 
[info] Your public directory is the folder (relative to your project directory) that
[info] will contain Hosting assets to be uploaded with firebase deploy. If you
[info] have a build process for your assets, use your build's output directory.
[info] 
[debug] [2022-09-25T14:57:34.441Z] >>> [apiv2][query] GET https://www.gstatic.com/firebasejs/releases.json [none]
[debug] [2022-09-25T14:57:34.608Z] <<< [apiv2][status] GET https://www.gstatic.com/firebasejs/releases.json 200
[debug] [2022-09-25T14:57:34.609Z] <<< [apiv2][body] GET https://www.gstatic.com/firebasejs/releases.json {"current":{"version":"9.10.0","browserURL":"https://www.gstatic.com/firebasejs/9.10.0/firebase.js","packageURL":"https://www.gstatic.com/firebasejs/9.10.0/firebase.tgz"},"live":{"version":"9.10","browserURL":"https://www.gstatic.com/firebasejs/live/9.10/firebase.js","packageURL":"https://www.gstatic.com/firebasejs/live/9.10/firebase.tgz"},"components":{"analytics":"https://www.gstatic.com/firebasejs/9.10.0/firebase-analytics.js","app":"https://www.gstatic.com/firebasejs/9.10.0/firebase-app.js","app-check":"https://www.gstatic.com/firebasejs/9.10.0/firebase-app-check.js","auth":"https://www.gstatic.com/firebasejs/9.10.0/firebase-auth.js","auth/cordova":"https://www.gstatic.com/firebasejs/9.10.0/firebase-auth/cordova.js","auth/react-native":"https://www.gstatic.com/firebasejs/9.10.0/firebase-auth/react-native.js","functions":"https://www.gstatic.com/firebasejs/9.10.0/firebase-functions.js","firestore":"https://www.gstatic.com/firebasejs/9.10.0/firebase-firestore.js","firestore/lite":"https://www.gstatic.com/firebasejs/9.10.0/firebase-firestore/lite.js","installations":"https://www.gstatic.com/firebasejs/9.10.0/firebase-installations.js","storage":"https://www.gstatic.com/firebasejs/9.10.0/firebase-storage.js","performance":"https://www.gstatic.com/firebasejs/9.10.0/firebase-performance.js","remote-config":"https://www.gstatic.com/firebasejs/9.10.0/firebase-remote-config.js","messaging":"https://www.gstatic.com/firebasejs/9.10.0/firebase-messaging.js","messaging/sw":"https://www.gstatic.com/firebasejs/9.10.0/firebase-messaging/sw.js","database":"https://www.gstatic.com/firebasejs/9.10.0/firebase-database.js","firestore.memory":"https://www.gstatic.com/firebasejs/9.10.0/firebase-firestore.memory.js"}}
[info] ✔  Wrote build/index.html 
[info] 
[info] i  Detected a .git folder at /Users/brettcurrier/Desktop/lotr 
[info] i  Authorizing with GitHub to upload your service account to a GitHub repository's secrets store. 
[info] 
[info] Visit this URL on this device to log in:
[info] https://github.com/login/oauth/authorize?client_id=89cf50f02ac6aaed3484&state=448911456&redirect_uri=http%3A%2F%2Flocalhost%3A9005&scope=read%3Auser%20repo%20public_repo
[info] 
[info] Waiting for authentication...
[debug] [2022-09-25T14:57:47.967Z] >>> [apiv2][query] POST https://github.com/login/oauth/access_token [none]
[debug] [2022-09-25T14:57:47.969Z] >>> [apiv2][body] POST https://github.com/login/oauth/access_token [stream]
[debug] [2022-09-25T14:57:48.209Z] <<< [apiv2][status] POST https://github.com/login/oauth/access_token 200
[debug] [2022-09-25T14:57:48.210Z] <<< [apiv2][body] POST https://github.com/login/oauth/access_token {"access_token":"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","token_type":"bearer","scope":"read:user,repo"}
[debug] [2022-09-25T14:57:48.243Z] >>> [apiv2][query] GET https://api.github.com/user [none]
[debug] [2022-09-25T14:57:48.496Z] <<< [apiv2][status] GET https://api.github.com/user 200
[debug] [2022-09-25T14:57:48.498Z] <<< [apiv2][body] GET https://api.github.com/user {"login":"brett1185","id":89299506,"node_id":"MDQ6VXNlcjg5Mjk5NTA2","avatar_url":"https://avatars.githubusercontent.com/u/89299506?v=4","gravatar_id":"","url":"https://api.github.com/users/brett1185","html_url":"https://github.com/brett1185","followers_url":"https://api.github.com/users/brett1185/followers","following_url":"https://api.github.com/users/brett1185/following{/other_user}","gists_url":"https://api.github.com/users/brett1185/gists{/gist_id}","starred_url":"https://api.github.com/users/brett1185/starred{/owner}{/repo}","subscriptions_url":"https://api.github.com/users/brett1185/subscriptions","organizations_url":"https://api.github.com/users/brett1185/orgs","repos_url":"https://api.github.com/users/brett1185/repos","events_url":"https://api.github.com/users/brett1185/events{/privacy}","received_events_url":"https://api.github.com/users/brett1185/received_events","type":"User","site_admin":false,"name":"Brett","company":null,"blog":"","location":null,"email":null,"hireable":null,"bio":"Growing code developer, grad of Coding Dojo with Python and MERN full stacks","twitter_username":null,"public_repos":19,"public_gists":0,"followers":0,"following":0,"created_at":"2021-08-21T10:18:06Z","updated_at":"2022-07-09T14:31:27Z","private_gists":0,"total_private_repos":5,"owned_private_repos":5,"disk_usage":3657,"collaborators":1,"two_factor_authentication":false,"plan":{"name":"free","space":976562499,"collaborators":0,"private_repos":10000}}
[info] 
[info] ✔  Success! Logged into GitHub as brett1185 
[info] 
